  Customer.cpp
  Functions.cpp
D:\Dima\Programs\VisualStudio\Projects\Курсова робота (ООП)\Functions.cpp(3541,62): error C2660: FindMostPupularCountries: функция не принимает 1 аргументов
D:\Dima\Programs\VisualStudio\Projects\Курсова робота (ООП)\Functions.h(203,22): message : см. объявление "FindMostPupularCountries"
D:\Dima\Programs\VisualStudio\Projects\Курсова робота (ООП)\Functions.cpp(3592,60): error C2660: FindMostPupularCountries: функция не принимает 1 аргументов
D:\Dima\Programs\VisualStudio\Projects\Курсова робота (ООП)\Functions.h(203,22): message : см. объявление "FindMostPupularCountries"
D:\Dima\Programs\VisualStudio\Projects\Курсова робота (ООП)\Functions.cpp(3729,67): error C2660: FindMostPupularCountries: функция не принимает 2 аргументов
D:\Dima\Programs\VisualStudio\Projects\Курсова робота (ООП)\Functions.h(203,22): message : см. объявление "FindMostPupularCountries"
  Main.cpp
D:\Dima\Programs\VisualStudio\Projects\Курсова робота (ООП)\Main.cpp(2,10): warning C4067: непредвиденные лексемы за директивой препроцессора, требуется newline
  Manager.cpp
  Person.cpp
  Trip.cpp
  Создание кода...
D:\Dima\Programs\VisualStudio\Projects\Курсова робота (ООП)\Trip.cpp(995): warning C4715: Trip::GetStatus: значение возвращается не при всех путях выполнения
D:\Dima\Programs\VisualStudio\Projects\Курсова робота (ООП)\Customer.cpp(278): warning C4715: Customer::GetStatus: значение возвращается не при всех путях выполнения

Итоги по проекту:
     3435 мс вызовов   1 D:\Dima\Programs\VisualStudio\Projects\Курсова робота (ООП)\Курсова робота (ООП).vcxproj
               3435 мс вызовов   1 Rebuild                                 

Итоги по целям:
        0 мс вызовов   1 ResolveSDKReferences                    
        0 мс вызовов   1 GetResolvedWinMD                        
        0 мс вызовов   1 _CheckWindowsSDKInstalled               
        0 мс вызовов   1 SetCABuildNativeEnvironmentVariables    
        0 мс вызовов   1 BuildCompileTraverse                    
        0 мс вызовов   1 SelectClCompile                         
        0 мс вызовов   1 ExpandSDKReferences                     
        0 мс вызовов   1 ResolveAssemblyReferences               
        0 мс вызовов   1 AfterResolveReferences                  
        0 мс вызовов   1 ResolveReferences                       
        0 мс вызовов   1 BuildGenerateSources                    
        0 мс вызовов   1 BuildGenerateSourcesTraverse            
        0 мс вызовов   1 BeforeBuildGenerateSources              
        0 мс вызовов   1 PreBuildEvent                           
        0 мс вызовов   1 _SelectedFiles                          
        0 мс вызовов   1 SelectCustomBuild                       
        0 мс вызовов   1 ComputeCustomBuildOutput                
        0 мс вызовов   1 _BuildGenerateSourcesAction             
        0 мс вызовов   1 CopyFileToFolders                       
        0 мс вызовов   1 _Xsd                                    
        0 мс вызовов   1 MakeDirsForMidl                         
        0 мс вызовов   1 ComputeMIDLGeneratedCompileInputs       
        0 мс вызовов   1 AfterMidl                               
        0 мс вызовов   1 _Midl                                   
        0 мс вызовов   1 BeforeClCompile                         
        0 мс вызовов   1 AddExternalIncludDirectoriesToPaths     
        0 мс вызовов   1 GetReferenceAssemblyPaths               
        0 мс вызовов   1 GetFrameworkPaths                       
        0 мс вызовов   1 MakeDirsForCl                           
        0 мс вызовов   1 _PrepareForRebuild                      
        0 мс вызовов   1 BeforeRebuild                           
        0 мс вызовов   1 _PrepareForClean                        
        0 мс вызовов   1 BeforeClean                             
        0 мс вызовов   1 ComputeReferenceCLInput                 
        0 мс вызовов   1 GetReferencedVCProjectsInfo             
        0 мс вызовов   1 _SplitProjectReferencesByFileExistence  
        0 мс вызовов   1 _AddOutputPathToGlobalPropertiesToRemove
        0 мс вызовов   1 _GetProjectReferenceTargetFrameworkProperties
        0 мс вызовов   1 PrepareProjectReferences                
        0 мс вызовов   1 AfterBuildGenerateSources               
        0 мс вызовов   1 CleanReferencedProjects                 
        0 мс вызовов   1 AfterClean                              
        0 мс вызовов   1 BeforeCppClean                          
        0 мс вызовов   1 FindReferenceAssembliesForReferences    
        0 мс вызовов   1 AfterCppClean                           
        0 мс вызовов   1 PGInstrumentedClean                     
        0 мс вызовов   1 CppClean                                
        0 мс вызовов   1 Clean                                   
        0 мс вызовов   1 _PrepareForBuild                        
        0 мс вызовов   1 ComputeCLInputPDBName                   
        0 мс вызовов   1 BeforeResolveReferences                 
        0 мс вызовов   1 ResolveProjectReferences                
        0 мс вызовов   1 CleanPublishFolder                      
        0 мс вызовов   1 AfterBuildGenerateSourcesEvent          
        1 мс вызовов   1 _CheckForInvalidConfigurationAndPlatform
        1 мс вызовов   1 SetBuildDefaultEnvironmentVariables     
        1 мс вызовов   1 AssignProjectConfiguration              
        1 мс вызовов   1 WarnCompileDuplicatedFilename           
        1 мс вызовов   1 CustomBuild                             
        1 мс вызовов   1 SetTelemetryEnvironmentVariables        
        1 мс вызовов   1 FixupCLCompileOptions                   
        1 мс вызовов   1 InitializeBuildStatus                   
        1 мс вызовов   1 _PrepareForReferenceResolution          
        1 мс вызовов   1 CoreClean                               
        2 мс вызовов   1 PrepareForBuild                         
        6 мс вызовов   1 CoreCppClean                            
     3417 мс вызовов   1 ClCompile                               

Итоги по задачам:
        0 мс вызовов   2 Message                                 
        0 мс вызовов   5 Delete                                  
        0 мс вызовов   2 FindUnderPath                           
        0 мс вызовов   1 RemoveDuplicates                        
        0 мс вызовов   7 MakeDir                                 
        0 мс вызовов   3 WriteLinesToFile                        
        0 мс вызовов   1 AssignProjectConfiguration              
        0 мс вызовов   1 MSBuild                                 
        0 мс вызовов   1 CheckVCToolsetVersion                   
        0 мс вызовов   1 Touch                                   
        1 мс вызовов   3 GetOutOfDateItems                       
        1 мс вызовов   2 ReadLinesFromFile                       
        2 мс вызовов   9 SetEnv                                  
        6 мс вызовов   1 CppClean                                
     3416 мс вызовов   1 CL                                      
